[33mWARNING: Skipping user bind, non existent bind point (file) in container: '/usr/bin/nvidia-smi'
[0m[33mWARNING: Skipping user bind, non existent bind point (file) in container: '/usr/bin/nvidia-debugdump'
[0m[33mWARNING: Skipping user bind, non existent bind point (file) in container: '/usr/bin/nvidia-persistenced'
[0m[33mWARNING: Skipping user bind, non existent bind point (file) in container: '/usr/bin/nvidia-cuda-mps-control'
[0m[33mWARNING: Skipping user bind, non existent bind point (file) in container: '/usr/bin/nvidia-cuda-mps-server'
[0mpython3: can't open file 'Equilibrium_P_70.py': [Errno 2] No such file or directory
[33mWARNING: Skipping user bind, non existent bind point (file) in container: '/usr/bin/nvidia-smi'
[0m[33mWARNING: Skipping user bind, non existent bind point (file) in container: '/usr/bin/nvidia-debugdump'
[0m[33mWARNING: Skipping user bind, non existent bind point (file) in container: '/usr/bin/nvidia-persistenced'
[0m[33mWARNING: Skipping user bind, non existent bind point (file) in container: '/usr/bin/nvidia-cuda-mps-control'
[0m[33mWARNING: Skipping user bind, non existent bind point (file) in container: '/usr/bin/nvidia-cuda-mps-server'
[0mpython3: can't open file 'Equilibrium_P_72.py': [Errno 2] No such file or directory
[33mWARNING: Skipping user bind, non existent bind point (file) in container: '/usr/bin/nvidia-smi'
[0m[33mWARNING: Skipping user bind, non existent bind point (file) in container: '/usr/bin/nvidia-debugdump'
[0m[33mWARNING: Skipping user bind, non existent bind point (file) in container: '/usr/bin/nvidia-persistenced'
[0m[33mWARNING: Skipping user bind, non existent bind point (file) in container: '/usr/bin/nvidia-cuda-mps-control'
[0m[33mWARNING: Skipping user bind, non existent bind point (file) in container: '/usr/bin/nvidia-cuda-mps-server'
[0mpython3: can't open file 'Equilibrium_P_74.py': [Errno 2] No such file or directory
[33mWARNING: Skipping user bind, non existent bind point (file) in container: '/usr/bin/nvidia-smi'
[0m[33mWARNING: Skipping user bind, non existent bind point (file) in container: '/usr/bin/nvidia-debugdump'
[0m[33mWARNING: Skipping user bind, non existent bind point (file) in container: '/usr/bin/nvidia-persistenced'
[0m[33mWARNING: Skipping user bind, non existent bind point (file) in container: '/usr/bin/nvidia-cuda-mps-control'
[0m[33mWARNING: Skipping user bind, non existent bind point (file) in container: '/usr/bin/nvidia-cuda-mps-server'
[0mpython3: can't open file 'Equilibrium_P_76.py': [Errno 2] No such file or directory
[33mWARNING: Skipping user bind, non existent bind point (file) in container: '/usr/bin/nvidia-smi'
[0m[33mWARNING: Skipping user bind, non existent bind point (file) in container: '/usr/bin/nvidia-debugdump'
[0m[33mWARNING: Skipping user bind, non existent bind point (file) in container: '/usr/bin/nvidia-persistenced'
[0m[33mWARNING: Skipping user bind, non existent bind point (file) in container: '/usr/bin/nvidia-cuda-mps-control'
[0m[33mWARNING: Skipping user bind, non existent bind point (file) in container: '/usr/bin/nvidia-cuda-mps-server'
[0mpython3: can't open file 'Equilibrium_P_78.py': [Errno 2] No such file or directory
[33mWARNING: Skipping user bind, non existent bind point (file) in container: '/usr/bin/nvidia-smi'
[0m[33mWARNING: Skipping user bind, non existent bind point (file) in container: '/usr/bin/nvidia-debugdump'
[0m[33mWARNING: Skipping user bind, non existent bind point (file) in container: '/usr/bin/nvidia-persistenced'
[0m[33mWARNING: Skipping user bind, non existent bind point (file) in container: '/usr/bin/nvidia-cuda-mps-control'
[0m[33mWARNING: Skipping user bind, non existent bind point (file) in container: '/usr/bin/nvidia-cuda-mps-server'
[0mpython3: can't open file 'Equilibrium_P_80.py': [Errno 2] No such file or directory
[33mWARNING: Skipping user bind, non existent bind point (file) in container: '/usr/bin/nvidia-smi'
[0m[33mWARNING: Skipping user bind, non existent bind point (file) in container: '/usr/bin/nvidia-debugdump'
[0m[33mWARNING: Skipping user bind, non existent bind point (file) in container: '/usr/bin/nvidia-persistenced'
[0m[33mWARNING: Skipping user bind, non existent bind point (file) in container: '/usr/bin/nvidia-cuda-mps-control'
[0m[33mWARNING: Skipping user bind, non existent bind point (file) in container: '/usr/bin/nvidia-cuda-mps-server'
[0mpython3: can't open file 'Equilibrium_P_82.py': [Errno 2] No such file or directory
[33mWARNING: Skipping user bind, non existent bind point (file) in container: '/usr/bin/nvidia-smi'
[0m[33mWARNING: Skipping user bind, non existent bind point (file) in container: '/usr/bin/nvidia-debugdump'
[0m[33mWARNING: Skipping user bind, non existent bind point (file) in container: '/usr/bin/nvidia-persistenced'
[0m[33mWARNING: Skipping user bind, non existent bind point (file) in container: '/usr/bin/nvidia-cuda-mps-control'
[0m[33mWARNING: Skipping user bind, non existent bind point (file) in container: '/usr/bin/nvidia-cuda-mps-server'
[0mpython3: can't open file 'Equilibrium_P_84.py': [Errno 2] No such file or directory
[33mWARNING: Skipping user bind, non existent bind point (file) in container: '/usr/bin/nvidia-smi'
[0m[33mWARNING: Skipping user bind, non existent bind point (file) in container: '/usr/bin/nvidia-debugdump'
[0m[33mWARNING: Skipping user bind, non existent bind point (file) in container: '/usr/bin/nvidia-persistenced'
[0m[33mWARNING: Skipping user bind, non existent bind point (file) in container: '/usr/bin/nvidia-cuda-mps-control'
[0m[33mWARNING: Skipping user bind, non existent bind point (file) in container: '/usr/bin/nvidia-cuda-mps-server'
[0mpython3: can't open file 'Equilibrium_P_86.py': [Errno 2] No such file or directory
[33mWARNING: Skipping user bind, non existent bind point (file) in container: '/usr/bin/nvidia-smi'
[0m[33mWARNING: Skipping user bind, non existent bind point (file) in container: '/usr/bin/nvidia-debugdump'
[0m[33mWARNING: Skipping user bind, non existent bind point (file) in container: '/usr/bin/nvidia-persistenced'
[0m[33mWARNING: Skipping user bind, non existent bind point (file) in container: '/usr/bin/nvidia-cuda-mps-control'
[0m[33mWARNING: Skipping user bind, non existent bind point (file) in container: '/usr/bin/nvidia-cuda-mps-server'
[0mpython3: can't open file 'Equilibrium_P_88.py': [Errno 2] No such file or directory
[33mWARNING: Skipping user bind, non existent bind point (file) in container: '/usr/bin/nvidia-smi'
[0m[33mWARNING: Skipping user bind, non existent bind point (file) in container: '/usr/bin/nvidia-debugdump'
[0m[33mWARNING: Skipping user bind, non existent bind point (file) in container: '/usr/bin/nvidia-persistenced'
[0m[33mWARNING: Skipping user bind, non existent bind point (file) in container: '/usr/bin/nvidia-cuda-mps-control'
[0m[33mWARNING: Skipping user bind, non existent bind point (file) in container: '/usr/bin/nvidia-cuda-mps-server'
[0mpython3: can't open file 'Equilibrium_P_90.py': [Errno 2] No such file or directory
